0 verbose cli C:\Program Files\nodejs\node.exe C:\Users\ganap\AppData\Roaming\npm\node_modules\npm\bin\npm-cli.js
1 info using npm@11.8.0
2 info using node@v22.15.0
3 silly config load:file:C:\Users\ganap\AppData\Roaming\npm\node_modules\npm\npmrc
4 silly config load:file:C:\work space\GitSpace\skyrich-tech-solutions\.npmrc
5 silly config load:file:C:\Users\ganap\.npmrc
6 silly config load:file:C:\Users\ganap\AppData\Roaming\npm\etc\npmrc
7 verbose title npm install
8 verbose argv "install" "--ignore-scripts"
9 verbose logfile logs-max:10 dir:C:\work space\GitSpace\skyrich-tech-solutions\.npm-cache\_logs\2026-03-13T17_46_28_651Z-
10 verbose logfile C:\work space\GitSpace\skyrich-tech-solutions\.npm-cache\_logs\2026-03-13T17_46_28_651Z-debug-0.log
11 silly logfile done cleaning log files
12 silly packumentCache heap:4345298944 maxSize:1086324736 maxEntrySize:543162368
13 silly idealTree buildDeps
14 silly fetch manifest @types/pg@^8.15.5
15 silly packumentCache full:https://registry.npmjs.org/@types%2fpg cache-miss
16 http fetch GET 200 https://registry.npmjs.org/@types%2fpg 1112ms (cache revalidated)
17 silly packumentCache full:https://registry.npmjs.org/@types%2fpg set size:193920 disposed:false
18 silly placeDep ROOT @types/pg@8.18.0 OK for: skyrich-tech-solutions@1.0.0 want: ^8.15.5
19 silly reify moves {}
20 silly audit bulk request {
20 silly audit   '@babel/code-frame': [ '7.29.0' ],
20 silly audit   '@babel/compat-data': [ '7.29.0' ],
20 silly audit   '@babel/core': [ '7.29.0' ],
20 silly audit   '@babel/generator': [ '7.29.1' ],
20 silly audit   '@babel/helper-compilation-targets': [ '7.28.6' ],
20 silly audit   '@babel/helper-globals': [ '7.28.0' ],
20 silly audit   '@babel/helper-module-imports': [ '7.28.6' ],
20 silly audit   '@babel/helper-module-transforms': [ '7.28.6' ],
20 silly audit   '@babel/helper-plugin-utils': [ '7.28.6' ],
20 silly audit   '@babel/helper-string-parser': [ '7.27.1' ],
20 silly audit   '@babel/helper-validator-identifier': [ '7.28.5' ],
20 silly audit   '@babel/helper-validator-option': [ '7.27.1' ],
20 silly audit   '@babel/helpers': [ '7.28.6' ],
20 silly audit   '@babel/parser': [ '7.29.0' ],
20 silly audit   '@babel/plugin-transform-react-jsx-self': [ '7.27.1' ],
20 silly audit   '@babel/plugin-transform-react-jsx-source': [ '7.27.1' ],
20 silly audit   '@babel/runtime': [ '7.28.6' ],
20 silly audit   '@babel/template': [ '7.28.6' ],
20 silly audit   '@babel/traverse': [ '7.29.0' ],
20 silly audit   '@babel/types': [ '7.29.0' ],
20 silly audit   '@date-fns/tz': [ '1.4.1' ],
20 silly audit   '@drizzle-team/brocli': [ '0.10.2' ],
20 silly audit   '@esbuild-kit/core-utils': [ '3.3.2' ],
20 silly audit   '@esbuild/android-arm': [ '0.18.20', '0.27.4', '0.25.12' ],
20 silly audit   '@esbuild/android-arm64': [ '0.18.20', '0.27.4', '0.25.12' ],
20 silly audit   '@esbuild/android-x64': [ '0.18.20', '0.27.4', '0.25.12' ],
20 silly audit   '@esbuild/darwin-arm64': [ '0.18.20', '0.27.4', '0.25.12' ],
20 silly audit   '@esbuild/darwin-x64': [ '0.18.20', '0.27.4', '0.25.12' ],
20 silly audit   '@esbuild/freebsd-arm64': [ '0.18.20', '0.27.4', '0.25.12' ],
20 silly audit   '@esbuild/freebsd-x64': [ '0.18.20', '0.27.4', '0.25.12' ],
20 silly audit   '@esbuild/linux-arm': [ '0.18.20', '0.27.4', '0.25.12' ],
20 silly audit   '@esbuild/linux-arm64': [ '0.18.20', '0.27.4', '0.25.12' ],
20 silly audit   '@esbuild/linux-ia32': [ '0.18.20', '0.27.4', '0.25.12' ],
20 silly audit   '@esbuild/linux-loong64': [ '0.18.20', '0.27.4', '0.25.12' ],
20 silly audit   '@esbuild/linux-mips64el': [ '0.18.20', '0.27.4', '0.25.12' ],
20 silly audit   '@esbuild/linux-ppc64': [ '0.18.20', '0.27.4', '0.25.12' ],
20 silly audit   '@esbuild/linux-riscv64': [ '0.18.20', '0.27.4', '0.25.12' ],
20 silly audit   '@esbuild/linux-s390x': [ '0.18.20', '0.27.4', '0.25.12' ],
20 silly audit   '@esbuild/linux-x64': [ '0.18.20', '0.27.4', '0.25.12' ],
20 silly audit   '@esbuild/netbsd-x64': [ '0.18.20', '0.27.4', '0.25.12' ],
20 silly audit   '@esbuild/openbsd-x64': [ '0.18.20', '0.27.4', '0.25.12' ],
20 silly audit   '@esbuild/sunos-x64': [ '0.18.20', '0.27.4', '0.25.12' ],
20 silly audit   '@esbuild/win32-arm64': [ '0.18.20', '0.27.4', '0.25.12' ],
20 silly audit   '@esbuild/win32-ia32': [ '0.18.20', '0.27.4', '0.25.12' ],
20 silly audit   '@esbuild/win32-x64': [ '0.18.20', '0.27.4', '0.25.12' ],
20 silly audit   esbuild: [ '0.18.20', '0.25.12', '0.27.4' ],
20 silly audit   '@esbuild-kit/esm-loader': [ '2.6.5' ],
20 silly audit   '@esbuild/aix-ppc64': [ '0.27.4', '0.25.12' ],
20 silly audit   '@esbuild/netbsd-arm64': [ '0.27.4', '0.25.12' ],
20 silly audit   '@esbuild/openbsd-arm64': [ '0.27.4', '0.25.12' ],
20 silly audit   '@esbuild/openharmony-arm64': [ '0.27.4', '0.25.12' ],
20 silly audit   '@floating-ui/core': [ '1.7.5' ],
20 silly audit   '@floating-ui/dom': [ '1.7.6' ],
20 silly audit   '@floating-ui/react-dom': [ '2.1.8' ],
20 silly audit   '@floating-ui/utils': [ '0.2.11' ],
20 silly audit   '@hookform/resolvers': [ '3.10.0' ],
20 silly audit   '@jridgewell/gen-mapping': [ '0.3.13' ],
20 silly audit   '@jridgewell/remapping': [ '2.3.5' ],
20 silly audit   '@jridgewell/resolve-uri': [ '3.1.2' ],
20 silly audit   '@jridgewell/sourcemap-codec': [ '1.5.5' ],
20 silly audit   '@jridgewell/trace-mapping': [ '0.3.31' ],
20 silly audit   '@radix-ui/number': [ '1.1.1' ],
20 silly audit   '@radix-ui/primitive': [ '1.1.3' ],
20 silly audit   '@radix-ui/react-accordion': [ '1.2.12' ],
20 silly audit   '@radix-ui/react-alert-dialog': [ '1.1.15' ],
20 silly audit   '@radix-ui/react-slot': [ '1.2.3', '1.2.4' ],
20 silly audit   '@radix-ui/react-arrow': [ '1.1.7' ],
20 silly audit   '@radix-ui/react-aspect-ratio': [ '1.1.8' ],
20 silly audit   '@radix-ui/react-primitive': [ '2.1.4', '2.1.3' ],
20 silly audit   '@radix-ui/react-avatar': [ '1.1.11' ],
20 silly audit   '@radix-ui/react-context': [ '1.1.3', '1.1.2' ],
20 silly audit   '@radix-ui/react-checkbox': [ '1.3.3' ],
20 silly audit   '@radix-ui/react-collapsible': [ '1.1.12' ],
20 silly audit   '@radix-ui/react-collection': [ '1.1.7' ],
20 silly audit   '@radix-ui/react-compose-refs': [ '1.1.2' ],
20 silly audit   '@radix-ui/react-context-menu': [ '2.2.16' ],
20 silly audit   '@radix-ui/react-dialog': [ '1.1.15' ],
20 silly audit   '@radix-ui/react-direction': [ '1.1.1' ],
20 silly audit   '@radix-ui/react-dismissable-layer': [ '1.1.11' ],
20 silly audit   '@radix-ui/react-dropdown-menu': [ '2.1.16' ],
20 silly audit   '@radix-ui/react-focus-guards': [ '1.1.3' ],
20 silly audit   '@radix-ui/react-focus-scope': [ '1.1.7' ],
20 silly audit   '@radix-ui/react-hover-card': [ '1.1.15' ],
20 silly audit   '@radix-ui/react-id': [ '1.1.1' ],
20 silly audit   '@radix-ui/react-label': [ '2.1.8' ],
20 silly audit   '@radix-ui/react-menu': [ '2.1.16' ],
20 silly audit   '@radix-ui/react-menubar': [ '1.1.16' ],
20 silly audit   '@radix-ui/react-navigation-menu': [ '1.2.14' ],
20 silly audit   '@radix-ui/react-popover': [ '1.1.15' ],
20 silly audit   '@radix-ui/react-popper': [ '1.2.8' ],
20 silly audit   '@radix-ui/react-portal': [ '1.1.9' ],
20 silly audit   '@radix-ui/react-presence': [ '1.1.5' ],
20 silly audit   '@radix-ui/react-progress': [ '1.1.8' ],
20 silly audit   '@radix-ui/react-radio-group': [ '1.3.8' ],
20 silly audit   '@radix-ui/react-roving-focus': [ '1.1.11' ],
20 silly audit   '@radix-ui/react-scroll-area': [ '1.2.10' ],
20 silly audit   '@radix-ui/react-select': [ '2.2.6' ],
20 silly audit   '@radix-ui/react-separator': [ '1.1.8' ],
20 silly audit   '@radix-ui/react-slider': [ '1.3.6' ],
20 silly audit   '@radix-ui/react-switch': [ '1.2.6' ],
20 silly audit   '@radix-ui/react-tabs': [ '1.1.13' ],
20 silly audit   '@radix-ui/react-toast': [ '1.2.15' ],
20 silly audit   '@radix-ui/react-toggle': [ '1.1.10' ],
20 silly audit   '@radix-ui/react-toggle-group': [ '1.1.11' ],
20 silly audit   '@radix-ui/react-tooltip': [ '1.2.8' ],
20 silly audit   '@radix-ui/react-use-callback-ref': [ '1.1.1' ],
20 silly audit   '@radix-ui/react-use-controllable-state': [ '1.2.2' ],
20 silly audit   '@radix-ui/react-use-effect-event': [ '0.0.2' ],
20 silly audit   '@radix-ui/react-use-escape-keydown': [ '1.1.1' ],
20 silly audit   '@radix-ui/react-use-is-hydrated': [ '0.1.0' ],
20 silly audit   '@radix-ui/react-use-layout-effect': [ '1.1.1' ],
20 silly audit   '@radix-ui/react-use-previous': [ '1.1.1' ],
20 silly audit   '@radix-ui/react-use-rect': [ '1.1.1' ],
20 silly audit   '@radix-ui/react-use-size': [ '1.1.1' ],
20 silly audit   '@radix-ui/react-visually-hidden': [ '1.2.3' ],
20 silly audit   '@radix-ui/rect': [ '1.1.1' ],
20 silly audit   '@rolldown/pluginutils': [ '1.0.0-rc.3' ],
20 silly audit   '@rollup/rollup-android-arm-eabi': [ '4.59.0' ],
20 silly audit   '@rollup/rollup-android-arm64': [ '4.59.0' ],
20 silly audit   '@rollup/rollup-darwin-arm64': [ '4.59.0' ],
20 silly audit   '@rollup/rollup-darwin-x64': [ '4.59.0' ],
20 silly audit   '@rollup/rollup-freebsd-arm64': [ '4.59.0' ],
20 silly audit   '@rollup/rollup-freebsd-x64': [ '4.59.0' ],
20 silly audit   '@rollup/rollup-linux-arm-gnueabihf': [ '4.59.0' ],
20 silly audit   '@rollup/rollup-linux-arm-musleabihf': [ '4.59.0' ],
20 silly audit   '@rollup/rollup-linux-arm64-gnu': [ '4.59.0' ],
20 silly audit   '@rollup/rollup-linux-arm64-musl': [ '4.59.0' ],
20 silly audit   '@rollup/rollup-linux-loong64-gnu': [ '4.59.0' ],
20 silly audit   '@rollup/rollup-linux-loong64-musl': [ '4.59.0' ],
20 silly audit   '@rollup/rollup-linux-ppc64-gnu': [ '4.59.0' ],
20 silly audit   '@rollup/rollup-linux-ppc64-musl': [ '4.59.0' ],
20 silly audit   '@rollup/rollup-linux-riscv64-gnu': [ '4.59.0' ],
20 silly audit   '@rollup/rollup-linux-riscv64-musl': [ '4.59.0' ],
20 silly audit   '@rollup/rollup-linux-s390x-gnu': [ '4.59.0' ],
20 silly audit   '@rollup/rollup-linux-x64-gnu': [ '4.59.0' ],
20 silly audit   '@rollup/rollup-linux-x64-musl': [ '4.59.0' ],
20 silly audit   '@rollup/rollup-openbsd-x64': [ '4.59.0' ],
20 silly audit   '@rollup/rollup-openharmony-arm64': [ '4.59.0' ],
20 silly audit   '@rollup/rollup-win32-arm64-msvc': [ '4.59.0' ],
20 silly audit   '@rollup/rollup-win32-ia32-msvc': [ '4.59.0' ],
20 silly audit   '@rollup/rollup-win32-x64-gnu': [ '4.59.0' ],
20 silly audit   '@rollup/rollup-win32-x64-msvc': [ '4.59.0' ],
20 silly audit   '@tabby_ai/hijri-converter': [ '1.0.5' ],
20 silly audit   '@tailwindcss/node': [ '4.2.1' ],
20 silly audit   '@tailwindcss/oxide': [ '4.2.1' ],
20 silly audit   '@tailwindcss/oxide-android-arm64': [ '4.2.1' ],
20 silly audit   '@tailwindcss/oxide-darwin-arm64': [ '4.2.1' ],
20 silly audit   '@tailwindcss/oxide-darwin-x64': [ '4.2.1' ],
20 silly audit   '@tailwindcss/oxide-freebsd-x64': [ '4.2.1' ],
20 silly audit   '@tailwindcss/oxide-linux-arm-gnueabihf': [ '4.2.1' ],
20 silly audit   '@tailwindcss/oxide-linux-arm64-gnu': [ '4.2.1' ],
20 silly audit   '@tailwindcss/oxide-linux-arm64-musl': [ '4.2.1' ],
20 silly audit   '@tailwindcss/oxide-linux-x64-gnu': [ '4.2.1' ],
20 silly audit   '@tailwindcss/oxide-linux-x64-musl': [ '4.2.1' ],
20 silly audit   '@tailwindcss/oxide-wasm32-wasi': [ '4.2.1' ],
20 silly audit   '@emnapi/core': [ '1.8.1' ],
20 silly audit   '@emnapi/runtime': [ '1.8.1' ],
20 silly audit   '@emnapi/wasi-threads': [ '1.1.0' ],
20 silly audit   '@napi-rs/wasm-runtime': [ '1.1.1' ],
20 silly audit   '@tybys/wasm-util': [ '0.10.1' ],
20 silly audit   tslib: [ '2.8.1' ],
20 silly audit   '@tailwindcss/oxide-win32-arm64-msvc': [ '4.2.1' ],
20 silly audit   '@tailwindcss/oxide-win32-x64-msvc': [ '4.2.1' ],
20 silly audit   '@tailwindcss/typography': [ '0.5.19' ],
20 silly audit   '@tailwindcss/vite': [ '4.2.1' ],
20 silly audit   '@tanstack/query-core': [ '5.90.20' ],
20 silly audit   '@tanstack/react-query': [ '5.90.21' ],
20 silly audit   '@types/babel__core': [ '7.20.5' ],
20 silly audit   '@types/babel__generator': [ '7.27.0' ],
20 silly audit   '@types/babel__template': [ '7.4.4' ],
20 silly audit   '@types/babel__traverse': [ '7.28.0' ],
20 silly audit   '@types/body-parser': [ '1.19.6' ],
20 silly audit   '@types/connect': [ '3.4.38' ],
20 silly audit   '@types/cors': [ '2.8.19' ],
20 silly audit   '@types/d3-array': [ '3.2.2' ],
20 silly audit   '@types/d3-color': [ '3.1.3' ],
20 silly audit   '@types/d3-ease': [ '3.0.2' ],
20 silly audit   '@types/d3-interpolate': [ '3.0.4' ],
20 silly audit   '@types/d3-path': [ '3.1.1' ],
20 silly audit   '@types/d3-scale': [ '4.0.9' ],
20 silly audit   '@types/d3-shape': [ '3.1.8' ],
20 silly audit   '@types/d3-time': [ '3.0.4' ],
20 silly audit   '@types/d3-timer': [ '3.0.2' ],
20 silly audit   '@types/estree': [ '1.0.8' ],
20 silly audit   '@types/express': [ '5.0.6' ],
20 silly audit   '@types/express-serve-static-core': [ '5.1.1' ],
20 silly audit   '@types/http-errors': [ '2.0.5' ],
20 silly audit   '@types/node': [ '25.5.0' ],
20 silly audit   '@types/qs': [ '6.15.0' ],
20 silly audit   '@types/range-parser': [ '1.2.7' ],
20 silly audit   '@types/react': [ '19.2.14' ],
20 silly audit   '@types/react-dom': [ '19.2.3' ],
20 silly audit   '@types/send': [ '1.2.1' ],
20 silly audit   '@types/serve-static': [ '2.2.0' ],
20 silly audit   '@vitejs/plugin-react': [ '5.2.0' ],
20 silly audit   accepts: [ '2.0.0' ],
20 silly audit   'ansi-regex': [ '5.0.1' ],
20 silly audit   'ansi-styles': [ '4.3.0' ],
20 silly audit   'aria-hidden': [ '1.2.6' ],
20 silly audit   'baseline-browser-mapping': [ '2.10.7' ],
20 silly audit   'body-parser': [ '2.2.2' ],
20 silly audit   browserslist: [ '4.28.1' ],
20 silly audit   'buffer-from': [ '1.1.2' ],
20 silly audit   bytes: [ '3.1.2' ],
20 silly audit   'call-bind-apply-helpers': [ '1.0.2' ],
20 silly audit   'call-bound': [ '1.0.4' ],
20 silly audit   'caniuse-lite': [ '1.0.30001778' ],
20 silly audit   chalk: [ '4.1.2' ],
20 silly audit   'supports-color': [ '7.2.0', '8.1.1' ],
20 silly audit   'class-variance-authority': [ '0.7.1' ],
20 silly audit   cliui: [ '8.0.1' ],
20 silly audit   clsx: [ '2.1.1' ],
20 silly audit   cmdk: [ '1.1.1' ],
20 silly audit   'color-convert': [ '2.0.1' ],
20 silly audit   'color-name': [ '1.1.4' ],
20 silly audit   concurrently: [ '9.2.1' ],
20 silly audit   'content-disposition': [ '1.0.1' ],
20 silly audit   'content-type': [ '1.0.5' ],
20 silly audit   'convert-source-map': [ '2.0.0' ],
20 silly audit   cookie: [ '0.7.2' ],
20 silly audit   'cookie-signature': [ '1.2.2' ],
20 silly audit   cors: [ '2.8.6' ],
20 silly audit   cssesc: [ '3.0.0' ],
20 silly audit   csstype: [ '3.2.3' ],
20 silly audit   'd3-array': [ '3.2.4' ],
20 silly audit   'd3-color': [ '3.1.0' ],
20 silly audit   'd3-ease': [ '3.0.1' ],
20 silly audit   'd3-format': [ '3.1.2' ],
20 silly audit   'd3-interpolate': [ '3.0.1' ],
20 silly audit   'd3-path': [ '3.1.0' ],
20 silly audit   'd3-scale': [ '4.0.2' ],
20 silly audit   'd3-shape': [ '3.2.0' ],
20 silly audit   'd3-time': [ '3.1.0' ],
20 silly audit   'd3-time-format': [ '4.1.0' ],
20 silly audit   'd3-timer': [ '3.0.1' ],
20 silly audit   'date-fns': [ '3.6.0', '4.1.0' ],
20 silly audit   'date-fns-jalali': [ '4.1.0-0' ],
20 silly audit   debug: [ '4.4.3' ],
20 silly audit   'decimal.js-light': [ '2.5.1' ],
20 silly audit   depd: [ '2.0.0' ],
20 silly audit   'detect-libc': [ '2.1.2' ],
20 silly audit   'detect-node-es': [ '1.1.0' ],
20 silly audit   'dom-helpers': [ '5.2.1' ],
20 silly audit   dotenv: [ '17.3.1' ],
20 silly audit   'drizzle-kit': [ '0.31.9' ],
20 silly audit   'drizzle-orm': [ '0.45.1' ],
20 silly audit   'drizzle-zod': [ '0.8.3' ],
20 silly audit   'dunder-proto': [ '1.0.1' ],
20 silly audit   'ee-first': [ '1.1.1' ],
20 silly audit   'electron-to-chromium': [ '1.5.313' ],
20 silly audit   'embla-carousel': [ '8.6.0' ],
20 silly audit   'embla-carousel-react': [ '8.6.0' ],
20 silly audit   'embla-carousel-reactive-utils': [ '8.6.0' ],
20 silly audit   'emoji-regex': [ '8.0.0' ],
20 silly audit   encodeurl: [ '2.0.0' ],
20 silly audit   'enhanced-resolve': [ '5.20.0' ],
20 silly audit   'es-define-property': [ '1.0.1' ],
20 silly audit   'es-errors': [ '1.3.0' ],
20 silly audit   'es-object-atoms': [ '1.1.1' ],
20 silly audit   'esbuild-register': [ '3.6.0' ],
20 silly audit   escalade: [ '3.2.0' ],
20 silly audit   'escape-html': [ '1.0.3' ],
20 silly audit   etag: [ '1.8.1' ],
20 silly audit   eventemitter3: [ '4.0.7' ],
20 silly audit   express: [ '5.2.1' ],
20 silly audit   'fast-equals': [ '5.4.0' ],
20 silly audit   fdir: [ '6.5.0' ],
20 silly audit   finalhandler: [ '2.1.1' ],
20 silly audit   forwarded: [ '0.2.0' ],
20 silly audit   'framer-motion': [ '12.35.1' ],
20 silly audit   fresh: [ '2.0.0' ],
20 silly audit   fsevents: [ '2.3.3' ],
20 silly audit   'function-bind': [ '1.1.2' ],
20 silly audit   gensync: [ '1.0.0-beta.2' ],
20 silly audit   'get-caller-file': [ '2.0.5' ],
20 silly audit   'get-intrinsic': [ '1.3.0' ],
20 silly audit   'get-nonce': [ '1.0.1' ],
20 silly audit   'get-proto': [ '1.0.1' ],
20 silly audit   'get-tsconfig': [ '4.13.6' ],
20 silly audit   gopd: [ '1.2.0' ],
20 silly audit   'graceful-fs': [ '4.2.11' ],
20 silly audit   'has-flag': [ '4.0.0' ],
20 silly audit   'has-symbols': [ '1.1.0' ],
20 silly audit   hasown: [ '2.0.2' ],
20 silly audit   'http-errors': [ '2.0.1' ],
20 silly audit   'iconv-lite': [ '0.7.2' ],
20 silly audit   inherits: [ '2.0.4' ],
20 silly audit   'input-otp': [ '1.4.2' ],
20 silly audit   internmap: [ '2.0.3' ],
20 silly audit   'ipaddr.js': [ '1.9.1' ],
20 silly audit   'is-fullwidth-code-point': [ '3.0.0' ],
20 silly audit   'is-promise': [ '4.0.0' ],
20 silly audit   jiti: [ '2.6.1' ],
20 silly audit   'js-tokens': [ '4.0.0' ],
20 silly audit   jsesc: [ '3.1.0' ],
20 silly audit   json5: [ '2.2.3' ],
20 silly audit   lightningcss: [ '1.31.1' ],
20 silly audit   'lightningcss-android-arm64': [ '1.31.1' ],
20 silly audit   'lightningcss-darwin-arm64': [ '1.31.1' ],
20 silly audit   'lightningcss-darwin-x64': [ '1.31.1' ],
20 silly audit   'lightningcss-freebsd-x64': [ '1.31.1' ],
20 silly audit   'lightningcss-linux-arm-gnueabihf': [ '1.31.1' ],
20 silly audit   'lightningcss-linux-arm64-gnu': [ '1.31.1' ],
20 silly audit   'lightningcss-linux-arm64-musl': [ '1.31.1' ],
20 silly audit   'lightningcss-linux-x64-gnu': [ '1.31.1' ],
20 silly audit   'lightningcss-linux-x64-musl': [ '1.31.1' ],
20 silly audit   'lightningcss-win32-arm64-msvc': [ '1.31.1' ],
20 silly audit   'lightningcss-win32-x64-msvc': [ '1.31.1' ],
20 silly audit   lodash: [ '4.17.23' ],
20 silly audit   'loose-envify': [ '1.4.0' ],
20 silly audit   'lru-cache': [ '5.1.1' ],
20 silly audit   'lucide-react': [ '0.545.0' ],
20 silly audit   'magic-string': [ '0.30.21' ],
20 silly audit   'math-intrinsics': [ '1.1.0' ],
20 silly audit   'media-typer': [ '1.1.0' ],
20 silly audit   'merge-descriptors': [ '2.0.0' ],
20 silly audit   'mime-db': [ '1.54.0' ],
20 silly audit   'mime-types': [ '3.0.2' ],
20 silly audit   mitt: [ '3.0.1' ],
20 silly audit   'motion-dom': [ '12.36.0' ],
20 silly audit   'motion-utils': [ '12.36.0' ],
20 silly audit   ms: [ '2.1.3' ],
20 silly audit   nanoid: [ '3.3.11' ],
20 silly audit   negotiator: [ '1.0.0' ],
20 silly audit   'next-themes': [ '0.4.6' ],
20 silly audit   'node-releases': [ '2.0.36' ],
20 silly audit   'object-assign': [ '4.1.1' ],
20 silly audit   'object-inspect': [ '1.13.4' ],
20 silly audit   'on-finished': [ '2.4.1' ],
20 silly audit   once: [ '1.4.0' ],
20 silly audit   parseurl: [ '1.3.3' ],
20 silly audit   'path-to-regexp': [ '8.3.0' ],
20 silly audit   pg: [ '8.20.0' ],
20 silly audit   'pg-cloudflare': [ '1.3.0' ],
20 silly audit   'pg-connection-string': [ '2.12.0' ],
20 silly audit   'pg-int8': [ '1.0.1' ],
20 silly audit   'pg-pool': [ '3.13.0' ],
20 silly audit   'pg-protocol': [ '1.13.0' ],
20 silly audit   'pg-types': [ '2.2.0' ],
20 silly audit   pgpass: [ '1.0.5' ],
20 silly audit   picocolors: [ '1.1.1' ],
20 silly audit   picomatch: [ '4.0.3' ],
20 silly audit   postcss: [ '8.5.8' ],
20 silly audit   'postcss-selector-parser': [ '6.0.10' ],
20 silly audit   'postgres-array': [ '2.0.0' ],
20 silly audit   'postgres-bytea': [ '1.0.1' ],
20 silly audit   'postgres-date': [ '1.0.7' ],
20 silly audit   'postgres-interval': [ '1.2.0' ],
20 silly audit   prettier: [ '3.8.1' ],
20 silly audit   'prop-types': [ '15.8.1' ],
20 silly audit   'react-is': [ '16.13.1', '18.3.1' ],
20 silly audit   'proxy-addr': [ '2.0.7' ],
20 silly audit   qs: [ '6.15.0' ],
20 silly audit   'range-parser': [ '1.2.1' ],
20 silly audit   'raw-body': [ '3.0.2' ],
20 silly audit   react: [ '19.1.0' ],
20 silly audit   'react-day-picker': [ '9.14.0' ],
20 silly audit   'react-dom': [ '19.1.0' ],
20 silly audit   'react-hook-form': [ '7.71.2' ],
20 silly audit   'react-icons': [ '5.6.0' ],
20 silly audit   'react-refresh': [ '0.18.0' ],
20 silly audit   'react-remove-scroll': [ '2.7.2' ],
20 silly audit   'react-remove-scroll-bar': [ '2.3.8' ],
20 silly audit   'react-resizable-panels': [ '2.1.9' ],
20 silly audit   'react-smooth': [ '4.0.4' ],
20 silly audit   'react-style-singleton': [ '2.2.3' ],
20 silly audit   'react-transition-group': [ '4.4.5' ],
20 silly audit   recharts: [ '2.15.4' ],
20 silly audit   'recharts-scale': [ '0.4.5' ],
20 silly audit   regexparam: [ '3.0.0' ],
20 silly audit   'require-directory': [ '2.1.1' ],
20 silly audit   'resolve-pkg-maps': [ '1.0.0' ],
20 silly audit   rollup: [ '4.59.0' ],
20 silly audit   router: [ '2.2.0' ],
20 silly audit   rxjs: [ '7.8.2' ],
20 silly audit   'safer-buffer': [ '2.1.2' ],
20 silly audit   scheduler: [ '0.26.0' ],
20 silly audit   semver: [ '6.3.1' ],
20 silly audit   send: [ '1.2.1' ],
20 silly audit   'serve-static': [ '2.2.1' ],
20 silly audit   setprototypeof: [ '1.2.0' ],
20 silly audit   'shell-quote': [ '1.8.3' ],
20 silly audit   'side-channel': [ '1.1.0' ],
20 silly audit   'side-channel-list': [ '1.0.0' ],
20 silly audit   'side-channel-map': [ '1.0.1' ],
20 silly audit   'side-channel-weakmap': [ '1.0.2' ],
20 silly audit   sonner: [ '2.0.7' ],
20 silly audit   'source-map': [ '0.6.1' ],
20 silly audit   'source-map-js': [ '1.2.1' ],
20 silly audit   'source-map-support': [ '0.5.21' ],
20 silly audit   split2: [ '4.2.0' ],
20 silly audit   statuses: [ '2.0.2' ],
20 silly audit   'string-width': [ '4.2.3' ],
20 silly audit   'strip-ansi': [ '6.0.1' ],
20 silly audit   'tailwind-merge': [ '3.5.0' ],
20 silly audit   tailwindcss: [ '4.2.1' ],
20 silly audit   tapable: [ '2.3.0' ],
20 silly audit   'tiny-invariant': [ '1.3.3' ],
20 silly audit   tinyglobby: [ '0.2.15' ],
20 silly audit   toidentifier: [ '1.0.1' ],
20 silly audit   'tree-kill': [ '1.2.2' ],
20 silly audit   tsx: [ '4.21.0' ],
20 silly audit   'tw-animate-css': [ '1.4.0' ],
20 silly audit   'type-is': [ '2.0.1' ],
20 silly audit   typescript: [ '5.9.3' ],
20 silly audit   'undici-types': [ '7.18.2' ],
20 silly audit   unpipe: [ '1.0.0' ],
20 silly audit   'update-browserslist-db': [ '1.2.3' ],
20 silly audit   'use-callback-ref': [ '1.3.3' ],
20 silly audit   'use-sidecar': [ '1.1.3' ],
20 silly audit   'use-sync-external-store': [ '1.6.0' ],
20 silly audit   'util-deprecate': [ '1.0.2' ],
20 silly audit   vary: [ '1.1.2' ],
20 silly audit   vaul: [ '1.1.2' ],
20 silly audit   'victory-vendor': [ '36.9.2' ],
20 silly audit   vite: [ '7.3.1' ],
20 silly audit   wouter: [ '3.9.0' ],
20 silly audit   'wrap-ansi': [ '7.0.0' ],
20 silly audit   wrappy: [ '1.0.2' ],
20 silly audit   xtend: [ '4.0.2' ],
20 silly audit   y18n: [ '5.0.8' ],
20 silly audit   yallist: [ '3.1.1' ],
20 silly audit   yargs: [ '17.7.2' ],
20 silly audit   'yargs-parser': [ '21.1.1' ],
20 silly audit   zod: [ '3.25.76' ],
20 silly audit   '@types/pg': [ '8.18.0' ]
20 silly audit }
21 http cache @types/pg@https://registry.npmjs.org/@types/pg/-/pg-8.18.0.tgz 0ms (cache hit)
22 silly tarball no local data for @types/pg@https://registry.npmjs.org/@types/pg/-/pg-8.18.0.tgz. Extracting by manifest.
23 http fetch POST 200 https://registry.npmjs.org/-/npm/v1/security/advisories/bulk 272ms
24 silly audit report {
24 silly audit report   esbuild: [
24 silly audit report     {
24 silly audit report       id: 1102341,
24 silly audit report       url: 'https://github.com/advisories/GHSA-67mh-4wv8-2f99',
24 silly audit report       title: 'esbuild enables any website to send any requests to the development server and read the response',
24 silly audit report       severity: 'moderate',
24 silly audit report       vulnerable_versions: '<=0.24.2',
24 silly audit report       cwe: [Array],
24 silly audit report       cvss: [Object]
24 silly audit report     }
24 silly audit report   ]
24 silly audit report }
25 silly packumentCache corgi:https://registry.npmjs.org/esbuild cache-miss
26 http cache https://registry.npmjs.org/esbuild 13ms (cache hit)
27 silly packumentCache corgi:https://registry.npmjs.org/esbuild set size:880945 disposed:false
28 silly packumentCache corgi:https://registry.npmjs.org/@esbuild-kit%2fcore-utils cache-miss
29 http cache https://registry.npmjs.org/@esbuild-kit%2fcore-utils 10ms (cache hit)
30 silly packumentCache corgi:https://registry.npmjs.org/@esbuild-kit%2fcore-utils set size:50014 disposed:false
31 silly packumentCache corgi:https://registry.npmjs.org/@esbuild-kit%2fesm-loader cache-miss
32 http cache https://registry.npmjs.org/@esbuild-kit%2fesm-loader 6ms (cache hit)
33 silly packumentCache corgi:https://registry.npmjs.org/@esbuild-kit%2fesm-loader set size:48202 disposed:false
34 silly packumentCache corgi:https://registry.npmjs.org/drizzle-kit cache-miss
35 http cache https://registry.npmjs.org/drizzle-kit 14ms (cache hit)
36 silly packumentCache corgi:https://registry.npmjs.org/drizzle-kit set size:2588662 disposed:false
37 http fetch GET 200 https://registry.npmjs.org/@types/pg/-/pg-8.18.0.tgz 421ms (cache miss)
38 silly ADD node_modules/@types/pg
39 verbose cwd C:\work space\GitSpace\skyrich-tech-solutions
40 verbose os Windows_NT 10.0.26200
41 verbose node v22.15.0
42 verbose npm  v11.8.0
43 verbose exit 0
44 info ok
