0 verbose cli C:\Program Files\nodejs\node.exe C:\Users\ganap\AppData\Roaming\npm\node_modules\npm\bin\npm-cli.js
1 info using npm@11.8.0
2 info using node@v22.15.0
3 silly config load:file:C:\Users\ganap\AppData\Roaming\npm\node_modules\npm\npmrc
4 silly config load:file:C:\work space\GitSpace\skyrich-tech-solutions\.npmrc
5 silly config load:file:C:\Users\ganap\.npmrc
6 silly config load:file:C:\Users\ganap\AppData\Roaming\npm\etc\npmrc
7 verbose title npm install drizzle-zod
8 verbose argv "install" "--ignore-scripts" "drizzle-zod"
9 verbose logfile logs-max:10 dir:C:\work space\GitSpace\skyrich-tech-solutions\.npm-cache\_logs\2026-03-13T17_32_20_912Z-
10 verbose logfile C:\work space\GitSpace\skyrich-tech-solutions\.npm-cache\_logs\2026-03-13T17_32_20_912Z-debug-0.log
11 silly logfile done cleaning log files
12 silly packumentCache heap:4345298944 maxSize:1086324736 maxEntrySize:543162368
13 silly idealTree buildDeps
14 silly fetch manifest drizzle-zod@^0.8.3
15 silly packumentCache full:https://registry.npmjs.org/drizzle-zod cache-miss
16 http fetch GET 200 https://registry.npmjs.org/npm 244ms
17 http fetch GET 200 https://registry.npmjs.org/drizzle-zod 450ms (cache miss)
18 silly packumentCache full:https://registry.npmjs.org/drizzle-zod set size:undefined disposed:false
19 silly fetch manifest drizzle-orm@^0.45.1
20 silly packumentCache full:https://registry.npmjs.org/drizzle-orm cache-miss
21 http fetch GET 200 https://registry.npmjs.org/drizzle-orm 3460ms (cache miss)
22 silly packumentCache full:https://registry.npmjs.org/drizzle-orm set size:undefined disposed:false
23 silly fetch manifest @aws-sdk/client-rds-data@>=3
24 silly packumentCache full:https://registry.npmjs.org/@aws-sdk%2fclient-rds-data cache-miss
25 http fetch GET 200 https://registry.npmjs.org/@aws-sdk%2fclient-rds-data 1373ms (cache miss)
26 silly packumentCache full:https://registry.npmjs.org/@aws-sdk%2fclient-rds-data set size:undefined disposed:false
27 silly fetch manifest @cloudflare/workers-types@>=4
28 silly packumentCache full:https://registry.npmjs.org/@cloudflare%2fworkers-types cache-miss
29 http fetch GET 200 https://registry.npmjs.org/@cloudflare%2fworkers-types 467ms (cache miss)
30 silly packumentCache full:https://registry.npmjs.org/@cloudflare%2fworkers-types set size:undefined disposed:false
31 silly fetch manifest @electric-sql/pglite@>=0.2.0
32 silly packumentCache full:https://registry.npmjs.org/@electric-sql%2fpglite cache-miss
33 http fetch GET 200 https://registry.npmjs.org/@electric-sql%2fpglite 1257ms (cache miss)
34 silly packumentCache full:https://registry.npmjs.org/@electric-sql%2fpglite set size:undefined disposed:false
35 silly fetch manifest @libsql/client@>=0.10.0
36 silly packumentCache full:https://registry.npmjs.org/@libsql%2fclient cache-miss
37 http fetch GET 200 https://registry.npmjs.org/@libsql%2fclient 450ms (cache miss)
38 silly packumentCache full:https://registry.npmjs.org/@libsql%2fclient set size:undefined disposed:false
39 silly fetch manifest @libsql/client-wasm@>=0.10.0
40 silly packumentCache full:https://registry.npmjs.org/@libsql%2fclient-wasm cache-miss
41 http fetch GET 200 https://registry.npmjs.org/@libsql%2fclient-wasm 198ms (cache miss)
42 silly packumentCache full:https://registry.npmjs.org/@libsql%2fclient-wasm set size:undefined disposed:false
43 silly fetch manifest @neondatabase/serverless@>=0.10.0
44 silly packumentCache full:https://registry.npmjs.org/@neondatabase%2fserverless cache-miss
45 http fetch GET 200 https://registry.npmjs.org/@neondatabase%2fserverless 198ms (cache miss)
46 silly packumentCache full:https://registry.npmjs.org/@neondatabase%2fserverless set size:undefined disposed:false
47 silly fetch manifest @op-engineering/op-sqlite@>=2
48 silly packumentCache full:https://registry.npmjs.org/@op-engineering%2fop-sqlite cache-miss
49 http fetch GET 200 https://registry.npmjs.org/@op-engineering%2fop-sqlite 470ms (cache miss)
50 silly packumentCache full:https://registry.npmjs.org/@op-engineering%2fop-sqlite set size:undefined disposed:false
51 silly fetch manifest react@19.1.0
52 silly packumentCache full:https://registry.npmjs.org/react cache-miss
53 http fetch GET 200 https://registry.npmjs.org/react 143ms (cache miss)
54 silly packumentCache full:https://registry.npmjs.org/react set size:undefined disposed:false
55 silly fetch manifest react-native@*
56 silly packumentCache full:https://registry.npmjs.org/react-native cache-miss
57 http fetch GET 200 https://registry.npmjs.org/react-native 159ms (cache miss)
58 silly packumentCache full:https://registry.npmjs.org/react-native set size:undefined disposed:false
59 silly fetch manifest @types/react@^19.2.0
60 silly packumentCache full:https://registry.npmjs.org/@types%2freact cache-miss
61 http fetch GET 200 https://registry.npmjs.org/@types%2freact 70ms (cache miss)
62 silly packumentCache full:https://registry.npmjs.org/@types%2freact set size:undefined disposed:false
63 silly fetch manifest react@^19.2.3
64 silly packumentCache full:https://registry.npmjs.org/react cache-miss
65 http cache https://registry.npmjs.org/react 15ms (cache hit)
66 silly packumentCache full:https://registry.npmjs.org/react set size:6543561 disposed:false
67 silly fetch manifest @opentelemetry/api@^1.4.1
68 silly packumentCache full:https://registry.npmjs.org/@opentelemetry%2fapi cache-miss
69 http fetch GET 200 https://registry.npmjs.org/@opentelemetry%2fapi 196ms (cache miss)
70 silly packumentCache full:https://registry.npmjs.org/@opentelemetry%2fapi set size:undefined disposed:false
71 silly fetch manifest @planetscale/database@>=1.13
72 silly packumentCache full:https://registry.npmjs.org/@planetscale%2fdatabase cache-miss
73 http fetch GET 200 https://registry.npmjs.org/@planetscale%2fdatabase 202ms (cache miss)
74 silly packumentCache full:https://registry.npmjs.org/@planetscale%2fdatabase set size:undefined disposed:false
75 silly fetch manifest @prisma/client@*
76 silly packumentCache full:https://registry.npmjs.org/@prisma%2fclient cache-miss
77 http fetch GET 200 https://registry.npmjs.org/@prisma%2fclient 1061ms (cache miss)
78 silly packumentCache full:https://registry.npmjs.org/@prisma%2fclient set size:undefined disposed:false
79 silly fetch manifest prisma@*
80 silly packumentCache full:https://registry.npmjs.org/prisma cache-miss
81 http fetch GET 200 https://registry.npmjs.org/prisma 575ms (cache miss)
82 silly packumentCache full:https://registry.npmjs.org/prisma set size:undefined disposed:false
83 silly fetch manifest better-sqlite3@>=9.0.0
84 silly packumentCache full:https://registry.npmjs.org/better-sqlite3 cache-miss
85 http fetch GET 200 https://registry.npmjs.org/better-sqlite3 300ms (cache miss)
86 silly packumentCache full:https://registry.npmjs.org/better-sqlite3 set size:undefined disposed:false
87 silly fetch manifest typescript@~5.9.2
88 silly packumentCache full:https://registry.npmjs.org/typescript cache-miss
89 http fetch GET 200 https://registry.npmjs.org/typescript 212ms (cache miss)
90 silly packumentCache full:https://registry.npmjs.org/typescript set size:undefined disposed:false
91 silly fetch manifest @tidbcloud/serverless@*
92 silly packumentCache full:https://registry.npmjs.org/@tidbcloud%2fserverless cache-miss
93 http fetch GET 200 https://registry.npmjs.org/@tidbcloud%2fserverless 450ms (cache miss)
94 silly packumentCache full:https://registry.npmjs.org/@tidbcloud%2fserverless set size:undefined disposed:false
95 silly fetch manifest @types/better-sqlite3@*
96 silly packumentCache full:https://registry.npmjs.org/@types%2fbetter-sqlite3 cache-miss
97 http fetch GET 200 https://registry.npmjs.org/@types%2fbetter-sqlite3 36ms (cache miss)
98 silly packumentCache full:https://registry.npmjs.org/@types%2fbetter-sqlite3 set size:undefined disposed:false
99 silly fetch manifest @types/pg@*
100 silly packumentCache full:https://registry.npmjs.org/@types%2fpg cache-miss
101 http fetch GET 200 https://registry.npmjs.org/@types%2fpg 295ms (cache miss)
102 silly packumentCache full:https://registry.npmjs.org/@types%2fpg set size:undefined disposed:false
103 silly fetch manifest @types/sql.js@*
104 silly packumentCache full:https://registry.npmjs.org/@types%2fsql.js cache-miss
105 http fetch GET 200 https://registry.npmjs.org/@types%2fsql.js 295ms (cache miss)
106 silly packumentCache full:https://registry.npmjs.org/@types%2fsql.js set size:undefined disposed:false
107 silly fetch manifest @upstash/redis@>=1.34.7
108 silly packumentCache full:https://registry.npmjs.org/@upstash%2fredis cache-miss
109 http fetch GET 200 https://registry.npmjs.org/@upstash%2fredis 1045ms (cache miss)
110 silly packumentCache full:https://registry.npmjs.org/@upstash%2fredis set size:undefined disposed:false
111 silly fetch manifest @vercel/postgres@>=0.8.0
112 silly packumentCache full:https://registry.npmjs.org/@vercel%2fpostgres cache-miss
113 http fetch GET 200 https://registry.npmjs.org/@vercel%2fpostgres 437ms (cache miss)
114 silly packumentCache full:https://registry.npmjs.org/@vercel%2fpostgres set size:undefined disposed:false
115 silly fetch manifest @xata.io/client@*
116 silly packumentCache full:https://registry.npmjs.org/@xata.io%2fclient cache-miss
117 http fetch GET 200 https://registry.npmjs.org/@xata.io%2fclient 722ms (cache miss)
118 silly packumentCache full:https://registry.npmjs.org/@xata.io%2fclient set size:undefined disposed:false
119 silly fetch manifest bun-types@*
120 silly packumentCache full:https://registry.npmjs.org/bun-types cache-miss
121 http fetch GET 200 https://registry.npmjs.org/bun-types 64ms (cache miss)
122 silly packumentCache full:https://registry.npmjs.org/bun-types set size:undefined disposed:false
123 silly fetch manifest expo-sqlite@>=14.0.0
124 silly packumentCache full:https://registry.npmjs.org/expo-sqlite cache-miss
125 http fetch GET 200 https://registry.npmjs.org/expo-sqlite 40ms (cache miss)
126 silly packumentCache full:https://registry.npmjs.org/expo-sqlite set size:undefined disposed:false
127 silly fetch manifest expo@*
128 silly packumentCache full:https://registry.npmjs.org/expo cache-miss
129 http fetch GET 200 https://registry.npmjs.org/expo 68ms (cache miss)
130 silly packumentCache full:https://registry.npmjs.org/expo set size:undefined disposed:false
131 silly fetch manifest @expo/dom-webview@*
132 silly packumentCache full:https://registry.npmjs.org/@expo%2fdom-webview cache-miss
133 http fetch GET 200 https://registry.npmjs.org/@expo%2fdom-webview 199ms (cache miss)
134 silly packumentCache full:https://registry.npmjs.org/@expo%2fdom-webview set size:undefined disposed:false
135 silly fetch manifest @expo/metro-runtime@*
136 silly packumentCache full:https://registry.npmjs.org/@expo%2fmetro-runtime cache-miss
137 http fetch GET 200 https://registry.npmjs.org/@expo%2fmetro-runtime 194ms (cache miss)
138 silly packumentCache full:https://registry.npmjs.org/@expo%2fmetro-runtime set size:undefined disposed:false
139 silly fetch manifest react-dom@19.1.0
140 silly packumentCache full:https://registry.npmjs.org/react-dom cache-miss
141 http fetch GET 200 https://registry.npmjs.org/react-dom 409ms (cache miss)
142 silly packumentCache full:https://registry.npmjs.org/react-dom set size:undefined disposed:false
143 silly fetch manifest react-native-webview@*
144 silly packumentCache full:https://registry.npmjs.org/react-native-webview cache-miss
145 http fetch GET 200 https://registry.npmjs.org/react-native-webview 321ms (cache miss)
146 silly packumentCache full:https://registry.npmjs.org/react-native-webview set size:undefined disposed:false
147 silly fetch manifest gel@>=2
148 silly packumentCache full:https://registry.npmjs.org/gel cache-miss
149 http fetch GET 200 https://registry.npmjs.org/gel 30ms (cache miss)
150 silly packumentCache full:https://registry.npmjs.org/gel set size:undefined disposed:false
151 silly fetch manifest knex@*
152 silly packumentCache full:https://registry.npmjs.org/knex cache-miss
153 http fetch GET 200 https://registry.npmjs.org/knex 49ms (cache miss)
154 silly packumentCache full:https://registry.npmjs.org/knex set size:undefined disposed:false
155 silly fetch manifest kysely@*
156 silly packumentCache full:https://registry.npmjs.org/kysely cache-miss
157 http fetch GET 200 https://registry.npmjs.org/kysely 40ms (cache miss)
158 silly packumentCache full:https://registry.npmjs.org/kysely set size:undefined disposed:false
159 silly fetch manifest mysql2@>=2
160 silly packumentCache full:https://registry.npmjs.org/mysql2 cache-miss
161 http fetch GET 200 https://registry.npmjs.org/mysql2 320ms (cache miss)
162 silly packumentCache full:https://registry.npmjs.org/mysql2 set size:undefined disposed:false
163 silly fetch manifest @types/node@^25.3.3
164 silly packumentCache full:https://registry.npmjs.org/@types%2fnode cache-miss
165 http fetch GET 200 https://registry.npmjs.org/@types%2fnode 163ms (cache miss)
166 silly packumentCache full:https://registry.npmjs.org/@types%2fnode set size:undefined disposed:false
167 silly fetch manifest pg@^8.20.0
168 silly packumentCache full:https://registry.npmjs.org/pg cache-miss
169 http fetch GET 200 https://registry.npmjs.org/pg 290ms (cache miss)
170 silly packumentCache full:https://registry.npmjs.org/pg set size:undefined disposed:false
171 silly fetch manifest pg-native@>=3.0.1
172 silly packumentCache full:https://registry.npmjs.org/pg-native cache-miss
173 http fetch GET 200 https://registry.npmjs.org/pg-native 39ms (cache miss)
174 silly packumentCache full:https://registry.npmjs.org/pg-native set size:undefined disposed:false
175 silly fetch manifest postgres@>=3
176 silly packumentCache full:https://registry.npmjs.org/postgres cache-miss
177 http fetch GET 200 https://registry.npmjs.org/postgres 290ms (cache miss)
178 silly packumentCache full:https://registry.npmjs.org/postgres set size:undefined disposed:false
179 silly fetch manifest sql.js@>=1
180 silly packumentCache full:https://registry.npmjs.org/sql.js cache-miss
181 http fetch GET 200 https://registry.npmjs.org/sql.js 38ms (cache miss)
182 silly packumentCache full:https://registry.npmjs.org/sql.js set size:undefined disposed:false
183 silly fetch manifest sqlite3@>=5
184 silly packumentCache full:https://registry.npmjs.org/sqlite3 cache-miss
185 http fetch GET 200 https://registry.npmjs.org/sqlite3 37ms (cache miss)
186 silly packumentCache full:https://registry.npmjs.org/sqlite3 set size:undefined disposed:false
187 silly fetch manifest zod@3.25.76
188 silly packumentCache full:https://registry.npmjs.org/zod cache-miss
189 http fetch GET 200 https://registry.npmjs.org/zod 68ms (cache miss)
190 silly packumentCache full:https://registry.npmjs.org/zod set size:undefined disposed:false
191 silly placeDep ROOT drizzle-zod@0.8.3 OK for: skyrich-tech-solutions@1.0.0 want: ^0.8.3
192 silly reify moves {}
193 silly audit bulk request {
193 silly audit   '@babel/code-frame': [ '7.29.0' ],
193 silly audit   '@babel/compat-data': [ '7.29.0' ],
193 silly audit   '@babel/core': [ '7.29.0' ],
193 silly audit   '@babel/generator': [ '7.29.1' ],
193 silly audit   '@babel/helper-compilation-targets': [ '7.28.6' ],
193 silly audit   '@babel/helper-globals': [ '7.28.0' ],
193 silly audit   '@babel/helper-module-imports': [ '7.28.6' ],
193 silly audit   '@babel/helper-module-transforms': [ '7.28.6' ],
193 silly audit   '@babel/helper-plugin-utils': [ '7.28.6' ],
193 silly audit   '@babel/helper-string-parser': [ '7.27.1' ],
193 silly audit   '@babel/helper-validator-identifier': [ '7.28.5' ],
193 silly audit   '@babel/helper-validator-option': [ '7.27.1' ],
193 silly audit   '@babel/helpers': [ '7.28.6' ],
193 silly audit   '@babel/parser': [ '7.29.0' ],
193 silly audit   '@babel/plugin-transform-react-jsx-self': [ '7.27.1' ],
193 silly audit   '@babel/plugin-transform-react-jsx-source': [ '7.27.1' ],
193 silly audit   '@babel/runtime': [ '7.28.6' ],
193 silly audit   '@babel/template': [ '7.28.6' ],
193 silly audit   '@babel/traverse': [ '7.29.0' ],
193 silly audit   '@babel/types': [ '7.29.0' ],
193 silly audit   '@date-fns/tz': [ '1.4.1' ],
193 silly audit   '@drizzle-team/brocli': [ '0.10.2' ],
193 silly audit   '@esbuild-kit/core-utils': [ '3.3.2' ],
193 silly audit   '@esbuild/android-arm': [ '0.18.20', '0.27.4', '0.25.12' ],
193 silly audit   '@esbuild/android-arm64': [ '0.18.20', '0.27.4', '0.25.12' ],
193 silly audit   '@esbuild/android-x64': [ '0.18.20', '0.27.4', '0.25.12' ],
193 silly audit   '@esbuild/darwin-arm64': [ '0.18.20', '0.27.4', '0.25.12' ],
193 silly audit   '@esbuild/darwin-x64': [ '0.18.20', '0.27.4', '0.25.12' ],
193 silly audit   '@esbuild/freebsd-arm64': [ '0.18.20', '0.27.4', '0.25.12' ],
193 silly audit   '@esbuild/freebsd-x64': [ '0.18.20', '0.27.4', '0.25.12' ],
193 silly audit   '@esbuild/linux-arm': [ '0.18.20', '0.27.4', '0.25.12' ],
193 silly audit   '@esbuild/linux-arm64': [ '0.18.20', '0.27.4', '0.25.12' ],
193 silly audit   '@esbuild/linux-ia32': [ '0.18.20', '0.27.4', '0.25.12' ],
193 silly audit   '@esbuild/linux-loong64': [ '0.18.20', '0.27.4', '0.25.12' ],
193 silly audit   '@esbuild/linux-mips64el': [ '0.18.20', '0.27.4', '0.25.12' ],
193 silly audit   '@esbuild/linux-ppc64': [ '0.18.20', '0.27.4', '0.25.12' ],
193 silly audit   '@esbuild/linux-riscv64': [ '0.18.20', '0.27.4', '0.25.12' ],
193 silly audit   '@esbuild/linux-s390x': [ '0.18.20', '0.27.4', '0.25.12' ],
193 silly audit   '@esbuild/linux-x64': [ '0.18.20', '0.27.4', '0.25.12' ],
193 silly audit   '@esbuild/netbsd-x64': [ '0.18.20', '0.27.4', '0.25.12' ],
193 silly audit   '@esbuild/openbsd-x64': [ '0.18.20', '0.27.4', '0.25.12' ],
193 silly audit   '@esbuild/sunos-x64': [ '0.18.20', '0.27.4', '0.25.12' ],
193 silly audit   '@esbuild/win32-arm64': [ '0.18.20', '0.27.4', '0.25.12' ],
193 silly audit   '@esbuild/win32-ia32': [ '0.18.20', '0.27.4', '0.25.12' ],
193 silly audit   '@esbuild/win32-x64': [ '0.18.20', '0.27.4', '0.25.12' ],
193 silly audit   esbuild: [ '0.18.20', '0.25.12', '0.27.4' ],
193 silly audit   '@esbuild-kit/esm-loader': [ '2.6.5' ],
193 silly audit   '@esbuild/aix-ppc64': [ '0.27.4', '0.25.12' ],
193 silly audit   '@esbuild/netbsd-arm64': [ '0.27.4', '0.25.12' ],
193 silly audit   '@esbuild/openbsd-arm64': [ '0.27.4', '0.25.12' ],
193 silly audit   '@esbuild/openharmony-arm64': [ '0.27.4', '0.25.12' ],
193 silly audit   '@floating-ui/core': [ '1.7.5' ],
193 silly audit   '@floating-ui/dom': [ '1.7.6' ],
193 silly audit   '@floating-ui/react-dom': [ '2.1.8' ],
193 silly audit   '@floating-ui/utils': [ '0.2.11' ],
193 silly audit   '@hookform/resolvers': [ '3.10.0' ],
193 silly audit   '@jridgewell/gen-mapping': [ '0.3.13' ],
193 silly audit   '@jridgewell/remapping': [ '2.3.5' ],
193 silly audit   '@jridgewell/resolve-uri': [ '3.1.2' ],
193 silly audit   '@jridgewell/sourcemap-codec': [ '1.5.5' ],
193 silly audit   '@jridgewell/trace-mapping': [ '0.3.31' ],
193 silly audit   '@radix-ui/number': [ '1.1.1' ],
193 silly audit   '@radix-ui/primitive': [ '1.1.3' ],
193 silly audit   '@radix-ui/react-accordion': [ '1.2.12' ],
193 silly audit   '@radix-ui/react-alert-dialog': [ '1.1.15' ],
193 silly audit   '@radix-ui/react-slot': [ '1.2.3', '1.2.4' ],
193 silly audit   '@radix-ui/react-arrow': [ '1.1.7' ],
193 silly audit   '@radix-ui/react-aspect-ratio': [ '1.1.8' ],
193 silly audit   '@radix-ui/react-primitive': [ '2.1.4', '2.1.3' ],
193 silly audit   '@radix-ui/react-avatar': [ '1.1.11' ],
193 silly audit   '@radix-ui/react-context': [ '1.1.3', '1.1.2' ],
193 silly audit   '@radix-ui/react-checkbox': [ '1.3.3' ],
193 silly audit   '@radix-ui/react-collapsible': [ '1.1.12' ],
193 silly audit   '@radix-ui/react-collection': [ '1.1.7' ],
193 silly audit   '@radix-ui/react-compose-refs': [ '1.1.2' ],
193 silly audit   '@radix-ui/react-context-menu': [ '2.2.16' ],
193 silly audit   '@radix-ui/react-dialog': [ '1.1.15' ],
193 silly audit   '@radix-ui/react-direction': [ '1.1.1' ],
193 silly audit   '@radix-ui/react-dismissable-layer': [ '1.1.11' ],
193 silly audit   '@radix-ui/react-dropdown-menu': [ '2.1.16' ],
193 silly audit   '@radix-ui/react-focus-guards': [ '1.1.3' ],
193 silly audit   '@radix-ui/react-focus-scope': [ '1.1.7' ],
193 silly audit   '@radix-ui/react-hover-card': [ '1.1.15' ],
193 silly audit   '@radix-ui/react-id': [ '1.1.1' ],
193 silly audit   '@radix-ui/react-label': [ '2.1.8' ],
193 silly audit   '@radix-ui/react-menu': [ '2.1.16' ],
193 silly audit   '@radix-ui/react-menubar': [ '1.1.16' ],
193 silly audit   '@radix-ui/react-navigation-menu': [ '1.2.14' ],
193 silly audit   '@radix-ui/react-popover': [ '1.1.15' ],
193 silly audit   '@radix-ui/react-popper': [ '1.2.8' ],
193 silly audit   '@radix-ui/react-portal': [ '1.1.9' ],
193 silly audit   '@radix-ui/react-presence': [ '1.1.5' ],
193 silly audit   '@radix-ui/react-progress': [ '1.1.8' ],
193 silly audit   '@radix-ui/react-radio-group': [ '1.3.8' ],
193 silly audit   '@radix-ui/react-roving-focus': [ '1.1.11' ],
193 silly audit   '@radix-ui/react-scroll-area': [ '1.2.10' ],
193 silly audit   '@radix-ui/react-select': [ '2.2.6' ],
193 silly audit   '@radix-ui/react-separator': [ '1.1.8' ],
193 silly audit   '@radix-ui/react-slider': [ '1.3.6' ],
193 silly audit   '@radix-ui/react-switch': [ '1.2.6' ],
193 silly audit   '@radix-ui/react-tabs': [ '1.1.13' ],
193 silly audit   '@radix-ui/react-toast': [ '1.2.15' ],
193 silly audit   '@radix-ui/react-toggle': [ '1.1.10' ],
193 silly audit   '@radix-ui/react-toggle-group': [ '1.1.11' ],
193 silly audit   '@radix-ui/react-tooltip': [ '1.2.8' ],
193 silly audit   '@radix-ui/react-use-callback-ref': [ '1.1.1' ],
193 silly audit   '@radix-ui/react-use-controllable-state': [ '1.2.2' ],
193 silly audit   '@radix-ui/react-use-effect-event': [ '0.0.2' ],
193 silly audit   '@radix-ui/react-use-escape-keydown': [ '1.1.1' ],
193 silly audit   '@radix-ui/react-use-is-hydrated': [ '0.1.0' ],
193 silly audit   '@radix-ui/react-use-layout-effect': [ '1.1.1' ],
193 silly audit   '@radix-ui/react-use-previous': [ '1.1.1' ],
193 silly audit   '@radix-ui/react-use-rect': [ '1.1.1' ],
193 silly audit   '@radix-ui/react-use-size': [ '1.1.1' ],
193 silly audit   '@radix-ui/react-visually-hidden': [ '1.2.3' ],
193 silly audit   '@radix-ui/rect': [ '1.1.1' ],
193 silly audit   '@rolldown/pluginutils': [ '1.0.0-rc.3' ],
193 silly audit   '@rollup/rollup-android-arm-eabi': [ '4.59.0' ],
193 silly audit   '@rollup/rollup-android-arm64': [ '4.59.0' ],
193 silly audit   '@rollup/rollup-darwin-arm64': [ '4.59.0' ],
193 silly audit   '@rollup/rollup-darwin-x64': [ '4.59.0' ],
193 silly audit   '@rollup/rollup-freebsd-arm64': [ '4.59.0' ],
193 silly audit   '@rollup/rollup-freebsd-x64': [ '4.59.0' ],
193 silly audit   '@rollup/rollup-linux-arm-gnueabihf': [ '4.59.0' ],
193 silly audit   '@rollup/rollup-linux-arm-musleabihf': [ '4.59.0' ],
193 silly audit   '@rollup/rollup-linux-arm64-gnu': [ '4.59.0' ],
193 silly audit   '@rollup/rollup-linux-arm64-musl': [ '4.59.0' ],
193 silly audit   '@rollup/rollup-linux-loong64-gnu': [ '4.59.0' ],
193 silly audit   '@rollup/rollup-linux-loong64-musl': [ '4.59.0' ],
193 silly audit   '@rollup/rollup-linux-ppc64-gnu': [ '4.59.0' ],
193 silly audit   '@rollup/rollup-linux-ppc64-musl': [ '4.59.0' ],
193 silly audit   '@rollup/rollup-linux-riscv64-gnu': [ '4.59.0' ],
193 silly audit   '@rollup/rollup-linux-riscv64-musl': [ '4.59.0' ],
193 silly audit   '@rollup/rollup-linux-s390x-gnu': [ '4.59.0' ],
193 silly audit   '@rollup/rollup-linux-x64-gnu': [ '4.59.0' ],
193 silly audit   '@rollup/rollup-linux-x64-musl': [ '4.59.0' ],
193 silly audit   '@rollup/rollup-openbsd-x64': [ '4.59.0' ],
193 silly audit   '@rollup/rollup-openharmony-arm64': [ '4.59.0' ],
193 silly audit   '@rollup/rollup-win32-arm64-msvc': [ '4.59.0' ],
193 silly audit   '@rollup/rollup-win32-ia32-msvc': [ '4.59.0' ],
193 silly audit   '@rollup/rollup-win32-x64-gnu': [ '4.59.0' ],
193 silly audit   '@rollup/rollup-win32-x64-msvc': [ '4.59.0' ],
193 silly audit   '@tabby_ai/hijri-converter': [ '1.0.5' ],
193 silly audit   '@tailwindcss/node': [ '4.2.1' ],
193 silly audit   '@tailwindcss/oxide': [ '4.2.1' ],
193 silly audit   '@tailwindcss/oxide-android-arm64': [ '4.2.1' ],
193 silly audit   '@tailwindcss/oxide-darwin-arm64': [ '4.2.1' ],
193 silly audit   '@tailwindcss/oxide-darwin-x64': [ '4.2.1' ],
193 silly audit   '@tailwindcss/oxide-freebsd-x64': [ '4.2.1' ],
193 silly audit   '@tailwindcss/oxide-linux-arm-gnueabihf': [ '4.2.1' ],
193 silly audit   '@tailwindcss/oxide-linux-arm64-gnu': [ '4.2.1' ],
193 silly audit   '@tailwindcss/oxide-linux-arm64-musl': [ '4.2.1' ],
193 silly audit   '@tailwindcss/oxide-linux-x64-gnu': [ '4.2.1' ],
193 silly audit   '@tailwindcss/oxide-linux-x64-musl': [ '4.2.1' ],
193 silly audit   '@tailwindcss/oxide-wasm32-wasi': [ '4.2.1' ],
193 silly audit   '@emnapi/core': [ '1.8.1' ],
193 silly audit   '@emnapi/runtime': [ '1.8.1' ],
193 silly audit   '@emnapi/wasi-threads': [ '1.1.0' ],
193 silly audit   '@napi-rs/wasm-runtime': [ '1.1.1' ],
193 silly audit   '@tybys/wasm-util': [ '0.10.1' ],
193 silly audit   tslib: [ '2.8.1' ],
193 silly audit   '@tailwindcss/oxide-win32-arm64-msvc': [ '4.2.1' ],
193 silly audit   '@tailwindcss/oxide-win32-x64-msvc': [ '4.2.1' ],
193 silly audit   '@tailwindcss/typography': [ '0.5.19' ],
193 silly audit   '@tailwindcss/vite': [ '4.2.1' ],
193 silly audit   '@tanstack/query-core': [ '5.90.20' ],
193 silly audit   '@tanstack/react-query': [ '5.90.21' ],
193 silly audit   '@types/babel__core': [ '7.20.5' ],
193 silly audit   '@types/babel__generator': [ '7.27.0' ],
193 silly audit   '@types/babel__template': [ '7.4.4' ],
193 silly audit   '@types/babel__traverse': [ '7.28.0' ],
193 silly audit   '@types/d3-array': [ '3.2.2' ],
193 silly audit   '@types/d3-color': [ '3.1.3' ],
193 silly audit   '@types/d3-ease': [ '3.0.2' ],
193 silly audit   '@types/d3-interpolate': [ '3.0.4' ],
193 silly audit   '@types/d3-path': [ '3.1.1' ],
193 silly audit   '@types/d3-scale': [ '4.0.9' ],
193 silly audit   '@types/d3-shape': [ '3.1.8' ],
193 silly audit   '@types/d3-time': [ '3.0.4' ],
193 silly audit   '@types/d3-timer': [ '3.0.2' ],
193 silly audit   '@types/estree': [ '1.0.8' ],
193 silly audit   '@types/node': [ '25.5.0' ],
193 silly audit   '@types/react': [ '19.2.14' ],
193 silly audit   '@types/react-dom': [ '19.2.3' ],
193 silly audit   '@vitejs/plugin-react': [ '5.2.0' ],
193 silly audit   'aria-hidden': [ '1.2.6' ],
193 silly audit   'baseline-browser-mapping': [ '2.10.7' ],
193 silly audit   browserslist: [ '4.28.1' ],
193 silly audit   'buffer-from': [ '1.1.2' ],
193 silly audit   'caniuse-lite': [ '1.0.30001778' ],
193 silly audit   'class-variance-authority': [ '0.7.1' ],
193 silly audit   clsx: [ '2.1.1' ],
193 silly audit   cmdk: [ '1.1.1' ],
193 silly audit   'convert-source-map': [ '2.0.0' ],
193 silly audit   cssesc: [ '3.0.0' ],
193 silly audit   csstype: [ '3.2.3' ],
193 silly audit   'd3-array': [ '3.2.4' ],
193 silly audit   'd3-color': [ '3.1.0' ],
193 silly audit   'd3-ease': [ '3.0.1' ],
193 silly audit   'd3-format': [ '3.1.2' ],
193 silly audit   'd3-interpolate': [ '3.0.1' ],
193 silly audit   'd3-path': [ '3.1.0' ],
193 silly audit   'd3-scale': [ '4.0.2' ],
193 silly audit   'd3-shape': [ '3.2.0' ],
193 silly audit   'd3-time': [ '3.1.0' ],
193 silly audit   'd3-time-format': [ '4.1.0' ],
193 silly audit   'd3-timer': [ '3.0.1' ],
193 silly audit   'date-fns': [ '3.6.0', '4.1.0' ],
193 silly audit   'date-fns-jalali': [ '4.1.0-0' ],
193 silly audit   debug: [ '4.4.3' ],
193 silly audit   'decimal.js-light': [ '2.5.1' ],
193 silly audit   'detect-libc': [ '2.1.2' ],
193 silly audit   'detect-node-es': [ '1.1.0' ],
193 silly audit   'dom-helpers': [ '5.2.1' ],
193 silly audit   dotenv: [ '17.3.1' ],
193 silly audit   'drizzle-kit': [ '0.31.9' ],
193 silly audit   'drizzle-orm': [ '0.45.1' ],
193 silly audit   'electron-to-chromium': [ '1.5.313' ],
193 silly audit   'embla-carousel': [ '8.6.0' ],
193 silly audit   'embla-carousel-react': [ '8.6.0' ],
193 silly audit   'embla-carousel-reactive-utils': [ '8.6.0' ],
193 silly audit   'enhanced-resolve': [ '5.20.0' ],
193 silly audit   'esbuild-register': [ '3.6.0' ],
193 silly audit   escalade: [ '3.2.0' ],
193 silly audit   eventemitter3: [ '4.0.7' ],
193 silly audit   'fast-equals': [ '5.4.0' ],
193 silly audit   fdir: [ '6.5.0' ],
193 silly audit   'framer-motion': [ '12.35.1' ],
193 silly audit   fsevents: [ '2.3.3' ],
193 silly audit   gensync: [ '1.0.0-beta.2' ],
193 silly audit   'get-nonce': [ '1.0.1' ],
193 silly audit   'get-tsconfig': [ '4.13.6' ],
193 silly audit   'graceful-fs': [ '4.2.11' ],
193 silly audit   'input-otp': [ '1.4.2' ],
193 silly audit   internmap: [ '2.0.3' ],
193 silly audit   jiti: [ '2.6.1' ],
193 silly audit   'js-tokens': [ '4.0.0' ],
193 silly audit   jsesc: [ '3.1.0' ],
193 silly audit   json5: [ '2.2.3' ],
193 silly audit   lightningcss: [ '1.31.1' ],
193 silly audit   'lightningcss-android-arm64': [ '1.31.1' ],
193 silly audit   'lightningcss-darwin-arm64': [ '1.31.1' ],
193 silly audit   'lightningcss-darwin-x64': [ '1.31.1' ],
193 silly audit   'lightningcss-freebsd-x64': [ '1.31.1' ],
193 silly audit   'lightningcss-linux-arm-gnueabihf': [ '1.31.1' ],
193 silly audit   'lightningcss-linux-arm64-gnu': [ '1.31.1' ],
193 silly audit   'lightningcss-linux-arm64-musl': [ '1.31.1' ],
193 silly audit   'lightningcss-linux-x64-gnu': [ '1.31.1' ],
193 silly audit   'lightningcss-linux-x64-musl': [ '1.31.1' ],
193 silly audit   'lightningcss-win32-arm64-msvc': [ '1.31.1' ],
193 silly audit   'lightningcss-win32-x64-msvc': [ '1.31.1' ],
193 silly audit   lodash: [ '4.17.23' ],
193 silly audit   'loose-envify': [ '1.4.0' ],
193 silly audit   'lru-cache': [ '5.1.1' ],
193 silly audit   'lucide-react': [ '0.545.0' ],
193 silly audit   'magic-string': [ '0.30.21' ],
193 silly audit   mitt: [ '3.0.1' ],
193 silly audit   'motion-dom': [ '12.36.0' ],
193 silly audit   'motion-utils': [ '12.36.0' ],
193 silly audit   ms: [ '2.1.3' ],
193 silly audit   nanoid: [ '3.3.11' ],
193 silly audit   'next-themes': [ '0.4.6' ],
193 silly audit   'node-releases': [ '2.0.36' ],
193 silly audit   'object-assign': [ '4.1.1' ],
193 silly audit   pg: [ '8.20.0' ],
193 silly audit   'pg-cloudflare': [ '1.3.0' ],
193 silly audit   'pg-connection-string': [ '2.12.0' ],
193 silly audit   'pg-int8': [ '1.0.1' ],
193 silly audit   'pg-pool': [ '3.13.0' ],
193 silly audit   'pg-protocol': [ '1.13.0' ],
193 silly audit   'pg-types': [ '2.2.0' ],
193 silly audit   pgpass: [ '1.0.5' ],
193 silly audit   picocolors: [ '1.1.1' ],
193 silly audit   picomatch: [ '4.0.3' ],
193 silly audit   postcss: [ '8.5.8' ],
193 silly audit   'postcss-selector-parser': [ '6.0.10' ],
193 silly audit   'postgres-array': [ '2.0.0' ],
193 silly audit   'postgres-bytea': [ '1.0.1' ],
193 silly audit   'postgres-date': [ '1.0.7' ],
193 silly audit   'postgres-interval': [ '1.2.0' ],
193 silly audit   prettier: [ '3.8.1' ],
193 silly audit   'prop-types': [ '15.8.1' ],
193 silly audit   'react-is': [ '16.13.1', '18.3.1' ],
193 silly audit   react: [ '19.1.0' ],
193 silly audit   'react-day-picker': [ '9.14.0' ],
193 silly audit   'react-dom': [ '19.1.0' ],
193 silly audit   'react-hook-form': [ '7.71.2' ],
193 silly audit   'react-icons': [ '5.6.0' ],
193 silly audit   'react-refresh': [ '0.18.0' ],
193 silly audit   'react-remove-scroll': [ '2.7.2' ],
193 silly audit   'react-remove-scroll-bar': [ '2.3.8' ],
193 silly audit   'react-resizable-panels': [ '2.1.9' ],
193 silly audit   'react-smooth': [ '4.0.4' ],
193 silly audit   'react-style-singleton': [ '2.2.3' ],
193 silly audit   'react-transition-group': [ '4.4.5' ],
193 silly audit   recharts: [ '2.15.4' ],
193 silly audit   'recharts-scale': [ '0.4.5' ],
193 silly audit   regexparam: [ '3.0.0' ],
193 silly audit   'resolve-pkg-maps': [ '1.0.0' ],
193 silly audit   rollup: [ '4.59.0' ],
193 silly audit   scheduler: [ '0.26.0' ],
193 silly audit   semver: [ '6.3.1' ],
193 silly audit   sonner: [ '2.0.7' ],
193 silly audit   'source-map': [ '0.6.1' ],
193 silly audit   'source-map-js': [ '1.2.1' ],
193 silly audit   'source-map-support': [ '0.5.21' ],
193 silly audit   split2: [ '4.2.0' ],
193 silly audit   'tailwind-merge': [ '3.5.0' ],
193 silly audit   tailwindcss: [ '4.2.1' ],
193 silly audit   tapable: [ '2.3.0' ],
193 silly audit   'tiny-invariant': [ '1.3.3' ],
193 silly audit   tinyglobby: [ '0.2.15' ],
193 silly audit   'tw-animate-css': [ '1.4.0' ],
193 silly audit   typescript: [ '5.9.3' ],
193 silly audit   'undici-types': [ '7.18.2' ],
193 silly audit   'update-browserslist-db': [ '1.2.3' ],
193 silly audit   'use-callback-ref': [ '1.3.3' ],
193 silly audit   'use-sidecar': [ '1.1.3' ],
193 silly audit   'use-sync-external-store': [ '1.6.0' ],
193 silly audit   'util-deprecate': [ '1.0.2' ],
193 silly audit   vaul: [ '1.1.2' ],
193 silly audit   'victory-vendor': [ '36.9.2' ],
193 silly audit   vite: [ '7.3.1' ],
193 silly audit   wouter: [ '3.9.0' ],
193 silly audit   xtend: [ '4.0.2' ],
193 silly audit   yallist: [ '3.1.1' ],
193 silly audit   zod: [ '3.25.76' ],
193 silly audit   'drizzle-zod': [ '0.8.3' ]
193 silly audit }
194 http cache drizzle-zod@https://registry.npmjs.org/drizzle-zod/-/drizzle-zod-0.8.3.tgz 0ms (cache hit)
195 silly tarball no local data for drizzle-zod@https://registry.npmjs.org/drizzle-zod/-/drizzle-zod-0.8.3.tgz. Extracting by manifest.
196 http fetch GET 200 https://registry.npmjs.org/drizzle-zod/-/drizzle-zod-0.8.3.tgz 56ms (cache miss)
197 http fetch POST 200 https://registry.npmjs.org/-/npm/v1/security/advisories/bulk 245ms
198 silly audit report {
198 silly audit report   esbuild: [
198 silly audit report     {
198 silly audit report       id: 1102341,
198 silly audit report       url: 'https://github.com/advisories/GHSA-67mh-4wv8-2f99',
198 silly audit report       title: 'esbuild enables any website to send any requests to the development server and read the response',
198 silly audit report       severity: 'moderate',
198 silly audit report       vulnerable_versions: '<=0.24.2',
198 silly audit report       cwe: [Array],
198 silly audit report       cvss: [Object]
198 silly audit report     }
198 silly audit report   ]
198 silly audit report }
199 silly packumentCache corgi:https://registry.npmjs.org/esbuild cache-miss
200 http fetch GET 200 https://registry.npmjs.org/esbuild 56ms (cache miss)
201 silly packumentCache corgi:https://registry.npmjs.org/esbuild set size:undefined disposed:false
202 silly packumentCache corgi:https://registry.npmjs.org/@esbuild-kit%2fcore-utils cache-miss
203 http fetch GET 200 https://registry.npmjs.org/@esbuild-kit%2fcore-utils 700ms (cache miss)
204 silly packumentCache corgi:https://registry.npmjs.org/@esbuild-kit%2fcore-utils set size:undefined disposed:false
205 silly packumentCache corgi:https://registry.npmjs.org/@esbuild-kit%2fesm-loader cache-miss
206 http fetch GET 200 https://registry.npmjs.org/@esbuild-kit%2fesm-loader 197ms (cache miss)
207 silly packumentCache corgi:https://registry.npmjs.org/@esbuild-kit%2fesm-loader set size:undefined disposed:false
208 silly packumentCache corgi:https://registry.npmjs.org/drizzle-kit cache-miss
209 http fetch GET 200 https://registry.npmjs.org/drizzle-kit 59ms (cache miss)
210 silly packumentCache corgi:https://registry.npmjs.org/drizzle-kit set size:undefined disposed:false
211 silly ADD node_modules/drizzle-zod
212 verbose cwd C:\work space\GitSpace\skyrich-tech-solutions
213 verbose os Windows_NT 10.0.26200
214 verbose node v22.15.0
215 verbose npm  v11.8.0
216 notice
216 notice New minor version of npm available! 11.8.0 -> 11.11.1
216 notice Changelog: https://github.com/npm/cli/releases/tag/v11.11.1
216 notice To update run: npm install -g npm@11.11.1
216 notice  { force: true, [Symbol(proc-log.meta)]: true }
217 verbose exit 0
218 info ok
